# JRE version: Java(TM) SE Runtime Environment (8.0_161-b12) (build 1.8.0_161-b12)
# Java VM: Java HotSpot(TM) 64-Bit Server VM (25.161-b12 mixed mode windows-amd64 compressed oops)
Heap:
 PSYoungGen      total 202240K, used 59035K [0x00000000d5d00000, 0x00000000e4b80000, 0x0000000100000000)
  eden space 189952K, 31% used [0x00000000d5d00000,0x00000000d96a6d08,0x00000000e1680000)
  from space 12288K, 0% used [0x00000000e1680000,0x00000000e1680000,0x00000000e2280000)
  to   space 8704K, 0% used [0x00000000e2280000,0x00000000e2280000,0x00000000e2b00000)
 ParOldGen       total 108032K, used 21815K [0x0000000081600000, 0x0000000087f80000, 0x00000000d5d00000)
  object space 108032K, 20% used [0x0000000081600000,0x0000000082b4de28,0x0000000087f80000)
 Metaspace       used 44624K, capacity 46628K, committed 46848K, reserved 1093632K
  class space    used 6148K, capacity 6529K, committed 6656K, reserved 1048576K
GC Heap History (10 events):
Event: 7.982 GC heap before
{Heap before GC invocations=10 (full 1):
 PSYoungGen      total 198656K, used 44295K [0x00000000d5d00000, 0x00000000e4b80000, 0x0000000100000000)
  eden space 189952K, 18% used [0x00000000d5d00000,0x00000000d7fc46d0,0x00000000e1680000)
  from space 8704K, 99% used [0x00000000e2280000,0x00000000e2afd580,0x00000000e2b00000)
  to   space 12288K, 0% used [0x00000000e1680000,0x00000000e1680000,0x00000000e2280000)
 ParOldGen       total 52224K, used 13017K [0x0000000081600000, 0x0000000084900000, 0x00000000d5d00000)
  object space 52224K, 24% used [0x0000000081600000,0x00000000822b6510,0x0000000084900000)
 Metaspace       used 33849K, capacity 35430K, committed 35496K, reserved 1079296K
  class space    used 4548K, capacity 4854K, committed 4864K, reserved 1048576K
Event: 7.998 GC heap after
Heap after GC invocations=10 (full 1):
 PSYoungGen      total 202240K, used 10418K [0x00000000d5d00000, 0x00000000e4b80000, 0x0000000100000000)
  eden space 189952K, 0% used [0x00000000d5d00000,0x00000000d5d00000,0x00000000e1680000)
  from space 12288K, 84% used [0x00000000e1680000,0x00000000e20aca60,0x00000000e2280000)
  to   space 8704K, 0% used [0x00000000e2280000,0x00000000e2280000,0x00000000e2b00000)
 ParOldGen       total 52224K, used 14544K [0x0000000081600000, 0x0000000084900000, 0x00000000d5d00000)
  object space 52224K, 27% used [0x0000000081600000,0x0000000082434078,0x0000000084900000)
 Metaspace       used 33849K, capacity 35430K, committed 35496K, reserved 1079296K
  class space    used 4548K, capacity 4854K, committed 4864K, reserved 1048576K
}
Event: 7.998 GC heap before
{Heap before GC invocations=11 (full 2):
 PSYoungGen      total 202240K, used 10418K [0x00000000d5d00000, 0x00000000e4b80000, 0x0000000100000000)
  eden space 189952K, 0% used [0x00000000d5d00000,0x00000000d5d00000,0x00000000e1680000)
  from space 12288K, 84% used [0x00000000e1680000,0x00000000e20aca60,0x00000000e2280000)
  to   space 8704K, 0% used [0x00000000e2280000,0x00000000e2280000,0x00000000e2b00000)
 ParOldGen       total 52224K, used 14544K [0x0000000081600000, 0x0000000084900000, 0x00000000d5d00000)
  object space 52224K, 27% used [0x0000000081600000,0x0000000082434078,0x0000000084900000)
 Metaspace       used 33849K, capacity 35430K, committed 35496K, reserved 1079296K
  class space    used 4548K, capacity 4854K, committed 4864K, reserved 1048576K
Event: 8.103 GC heap after
Heap after GC invocations=11 (full 2):
 PSYoungGen      total 202240K, used 0K [0x00000000d5d00000, 0x00000000e4b80000, 0x0000000100000000)
  eden space 189952K, 0% used [0x00000000d5d00000,0x00000000d5d00000,0x00000000e1680000)
  from space 12288K, 0% used [0x00000000e1680000,0x00000000e1680000,0x00000000e2280000)
  to   space 8704K, 0% used [0x00000000e2280000,0x00000000e2280000,0x00000000e2b00000)
 ParOldGen       total 52224K, used 17951K [0x0000000081600000, 0x0000000084900000, 0x00000000d5d00000)
  object space 52224K, 34% used [0x0000000081600000,0x0000000082787c10,0x0000000084900000)
 Metaspace       used 33849K, capacity 35430K, committed 35496K, reserved 1079296K
  class space    used 4548K, capacity 4854K, committed 4864K, reserved 1048576K
}
Event: 12.160 GC heap before
{Heap before GC invocations=12 (full 2):
 PSYoungGen      total 202240K, used 189952K [0x00000000d5d00000, 0x00000000e4b80000, 0x0000000100000000)
  eden space 189952K, 100% used [0x00000000d5d00000,0x00000000e1680000,0x00000000e1680000)
  from space 12288K, 0% used [0x00000000e1680000,0x00000000e1680000,0x00000000e2280000)
  to   space 8704K, 0% used [0x00000000e2280000,0x00000000e2280000,0x00000000e2b00000)
 ParOldGen       total 52224K, used 17951K [0x0000000081600000, 0x0000000084900000, 0x00000000d5d00000)
  object space 52224K, 34% used [0x0000000081600000,0x0000000082787c10,0x0000000084900000)
 Metaspace       used 39838K, capacity 41814K, committed 42112K, reserved 1085440K
  class space    used 5324K, capacity 5702K, committed 5760K, reserved 1048576K
Event: 12.169 GC heap after
Heap after GC invocations=12 (full 2):
 PSYoungGen      total 198656K, used 8597K [0x00000000d5d00000, 0x00000000e4b80000, 0x0000000100000000)
  eden space 189952K, 0% used [0x00000000d5d00000,0x00000000d5d00000,0x00000000e1680000)
  from space 8704K, 98% used [0x00000000e2280000,0x00000000e2ae5550,0x00000000e2b00000)
  to   space 12288K, 0% used [0x00000000e1680000,0x00000000e1680000,0x00000000e2280000)
 ParOldGen       total 52224K, used 17959K [0x0000000081600000, 0x0000000084900000, 0x00000000d5d00000)
  object space 52224K, 34% used [0x0000000081600000,0x0000000082789c10,0x0000000084900000)
 Metaspace       used 39838K, capacity 41814K, committed 42112K, reserved 1085440K
  class space    used 5324K, capacity 5702K, committed 5760K, reserved 1048576K
}
Event: 12.315 GC heap before
{Heap before GC invocations=13 (full 2):
 PSYoungGen      total 198656K, used 31624K [0x00000000d5d00000, 0x00000000e4b80000, 0x0000000100000000)
  eden space 189952K, 12% used [0x00000000d5d00000,0x00000000d737cd18,0x00000000e1680000)
  from space 8704K, 98% used [0x00000000e2280000,0x00000000e2ae5550,0x00000000e2b00000)
  to   space 12288K, 0% used [0x00000000e1680000,0x00000000e1680000,0x00000000e2280000)
 ParOldGen       total 52224K, used 17959K [0x0000000081600000, 0x0000000084900000, 0x00000000d5d00000)
  object space 52224K, 34% used [0x0000000081600000,0x0000000082789c10,0x0000000084900000)
 Metaspace       used 41335K, capacity 43310K, committed 43392K, reserved 1091584K
  class space    used 5550K, capacity 5938K, committed 6016K, reserved 1048576K
Event: 12.322 GC heap after
Heap after GC invocations=13 (full 2):
 PSYoungGen      total 202240K, used 5918K [0x00000000d5d00000, 0x00000000e4b80000, 0x0000000100000000)
  eden space 189952K, 0% used [0x00000000d5d00000,0x00000000d5d00000,0x00000000e1680000)
  from space 12288K, 48% used [0x00000000e1680000,0x00000000e1c47898,0x00000000e2280000)
  to   space 8704K, 0% used [0x00000000e2280000,0x00000000e2280000,0x00000000e2b00000)
 ParOldGen       total 52224K, used 17967K [0x0000000081600000, 0x0000000084900000, 0x00000000d5d00000)
  object space 52224K, 34% used [0x0000000081600000,0x000000008278bc10,0x0000000084900000)
 Metaspace       used 41335K, capacity 43310K, committed 43392K, reserved 1091584K
  class space    used 5550K, capacity 5938K, committed 6016K, reserved 1048576K
}
Event: 12.322 GC heap before
{Heap before GC invocations=14 (full 3):
 PSYoungGen      total 202240K, used 5918K [0x00000000d5d00000, 0x00000000e4b80000, 0x0000000100000000)
  eden space 189952K, 0% used [0x00000000d5d00000,0x00000000d5d00000,0x00000000e1680000)
  from space 12288K, 48% used [0x00000000e1680000,0x00000000e1c47898,0x00000000e2280000)
  to   space 8704K, 0% used [0x00000000e2280000,0x00000000e2280000,0x00000000e2b00000)
 ParOldGen       total 52224K, used 17967K [0x0000000081600000, 0x0000000084900000, 0x00000000d5d00000)
  object space 52224K, 34% used [0x0000000081600000,0x000000008278bc10,0x0000000084900000)
 Metaspace       used 41335K, capacity 43310K, committed 43392K, reserved 1091584K
  class space    used 5550K, capacity 5938K, committed 6016K, reserved 1048576K
Event: 12.589 GC heap after
Heap after GC invocations=14 (full 3):
 PSYoungGen      total 202240K, used 0K [0x00000000d5d00000, 0x00000000e4b80000, 0x0000000100000000)
  eden space 189952K, 0% used [0x00000000d5d00000,0x00000000d5d00000,0x00000000e1680000)
  from space 12288K, 0% used [0x00000000e1680000,0x00000000e1680000,0x00000000e2280000)
  to   space 8704K, 0% used [0x00000000e2280000,0x00000000e2280000,0x00000000e2b00000)
 ParOldGen       total 108032K, used 21815K [0x0000000081600000, 0x0000000087f80000, 0x00000000d5d00000)
  object space 108032K, 20% used [0x0000000081600000,0x0000000082b4de28,0x0000000087f80000)
 Metaspace       used 41335K, capacity 43310K, committed 43392K, reserved 1089536K
  class space    used 5550K, capacity 5938K, committed 6016K, reserved 1048576K
}

